Compiling the C compiler identification source file "CMakeCCompilerId.c" failed.
Compiler:  
Build flags: 
Id flags:  

The output was:
1
Microsoft (R) Build Engine version 16.9.0+5e4b48a27 for .NET Framework
Copyright (C) Microsoft Corporation. All rights reserved.

Build started 5/11/2021 5:25:24 PM.
Project "C:\Users\scape\source\repos\vscode-clang\build\CMakeFiles\3.19.20122902-MSVC_2\CompilerIdC\CompilerIdC.vcxproj" on node 1 (default targets).
PrepareForBuild:
  Creating directory "Debug\".
  Creating directory "Debug\CompilerIdC.tlog\".
InitializeBuildStatus:
  Creating "Debug\CompilerIdC.tlog\unsuccessfulbuild" because "AlwaysCreate" was specified.
ClCompile:
  C:\Program Files (x86)\Microsoft Visual Studio\2019\Community\VC\Tools\MSVC\14.28.29910\bin\HostX64\x64\CL.exe /c /nologo /W0 /WX- /diagnostics:column /Od /Oy- /D _ARM_WINAPI_PARTITION_DESKTOP_SDK_AVAILABLE=1 /D _MBCS /Gm- /EHsc /RTC1 /MDd /GS /fp:precise /Zc:wchar_t /Zc:forScope /Zc:inline /Fo"Debug\\" /Fd"Debug\vc142.pdb" /Gd /TC /analyze- /FC /errorReport:queue CMakeCCompilerId.c
  CMakeCCompilerId.c
Link:
  C:\Program Files (x86)\Microsoft Visual Studio\2019\Community\VC\Tools\MSVC\14.28.29910\bin\HostX64\x64\link.exe /ERRORREPORT:QUEUE /OUT:".\CompilerIdC.exe" /INCREMENTAL:NO /NOLOGO kernel32.lib user32.lib gdi32.lib winspool.lib comdlg32.lib advapi32.lib shell32.lib ole32.lib oleaut32.lib uuid.lib odbc32.lib odbccp32.lib /MANIFEST /MANIFESTUAC:"level='asInvoker' uiAccess='false'" /manifest:embed /PDB:".\CompilerIdC.pdb" /SUBSYSTEM:CONSOLE /TLBID:1 /DYNAMICBASE /NXCOMPAT /IMPLIB:".\CompilerIdC.lib" /MACHINE:ARM Debug\CMakeCCompilerId.obj
Debug\CMakeCCompilerId.obj : fatal error LNK1112: module machine type 'x64' conflicts with target machine type 'ARM' [C:\Users\scape\source\repos\vscode-clang\build\CMakeFiles\3.19.20122902-MSVC_2\CompilerIdC\CompilerIdC.vcxproj]
Done Building Project "C:\Users\scape\source\repos\vscode-clang\build\CMakeFiles\3.19.20122902-MSVC_2\CompilerIdC\CompilerIdC.vcxproj" (default targets) -- FAILED.

Build FAILED.

"C:\Users\scape\source\repos\vscode-clang\build\CMakeFiles\3.19.20122902-MSVC_2\CompilerIdC\CompilerIdC.vcxproj" (default target) (1) ->
(Link target) -> 
  Debug\CMakeCCompilerId.obj : fatal error LNK1112: module machine type 'x64' conflicts with target machine type 'ARM' [C:\Users\scape\source\repos\vscode-clang\build\CMakeFiles\3.19.20122902-MSVC_2\CompilerIdC\CompilerIdC.vcxproj]

    0 Warning(s)
    1 Error(s)

Time Elapsed 00:00:18.34


Compiling the C compiler identification source file "CMakeCCompilerId.c" failed.
Compiler:  
Build flags: 
Id flags:  

The output was:
1
Microsoft (R) Build Engine version 16.9.0+5e4b48a27 for .NET Framework
Copyright (C) Microsoft Corporation. All rights reserved.

Build started 5/11/2021 5:25:43 PM.
Project "C:\Users\scape\source\repos\vscode-clang\build\CMakeFiles\3.19.20122902-MSVC_2\CompilerIdC\CompilerIdC.vcxproj" on node 1 (default targets).
PrepareForBuild:
  Creating directory "Debug\".
  Creating directory "Debug\CompilerIdC.tlog\".
InitializeBuildStatus:
  Creating "Debug\CompilerIdC.tlog\unsuccessfulbuild" because "AlwaysCreate" was specified.
ClCompile:
  C:\Program Files (x86)\Microsoft Visual Studio\2019\Community\VC\Tools\MSVC\14.28.29910\bin\HostX64\x64\CL.exe /c /nologo /W0 /WX- /diagnostics:column /Od /Oy- /D _ARM_WINAPI_PARTITION_DESKTOP_SDK_AVAILABLE=1 /D _MBCS /Gm- /EHsc /RTC1 /MDd /GS /fp:precise /Zc:wchar_t /Zc:forScope /Zc:inline /Fo"Debug\\" /Fd"Debug\vc142.pdb" /Gd /TC /analyze- /FC /errorReport:queue CMakeCCompilerId.c
  CMakeCCompilerId.c
Link:
  C:\Program Files (x86)\Microsoft Visual Studio\2019\Community\VC\Tools\MSVC\14.28.29910\bin\HostX64\x64\link.exe /ERRORREPORT:QUEUE /OUT:".\CompilerIdC.exe" /INCREMENTAL:NO /NOLOGO kernel32.lib user32.lib gdi32.lib winspool.lib comdlg32.lib advapi32.lib shell32.lib ole32.lib oleaut32.lib uuid.lib odbc32.lib odbccp32.lib /MANIFEST /MANIFESTUAC:"level='asInvoker' uiAccess='false'" /manifest:embed /PDB:".\CompilerIdC.pdb" /SUBSYSTEM:CONSOLE /TLBID:1 /DYNAMICBASE /NXCOMPAT /IMPLIB:".\CompilerIdC.lib" /MACHINE:ARM Debug\CMakeCCompilerId.obj
Debug\CMakeCCompilerId.obj : fatal error LNK1112: module machine type 'x64' conflicts with target machine type 'ARM' [C:\Users\scape\source\repos\vscode-clang\build\CMakeFiles\3.19.20122902-MSVC_2\CompilerIdC\CompilerIdC.vcxproj]
Done Building Project "C:\Users\scape\source\repos\vscode-clang\build\CMakeFiles\3.19.20122902-MSVC_2\CompilerIdC\CompilerIdC.vcxproj" (default targets) -- FAILED.

Build FAILED.

"C:\Users\scape\source\repos\vscode-clang\build\CMakeFiles\3.19.20122902-MSVC_2\CompilerIdC\CompilerIdC.vcxproj" (default target) (1) ->
(Link target) -> 
  Debug\CMakeCCompilerId.obj : fatal error LNK1112: module machine type 'x64' conflicts with target machine type 'ARM' [C:\Users\scape\source\repos\vscode-clang\build\CMakeFiles\3.19.20122902-MSVC_2\CompilerIdC\CompilerIdC.vcxproj]

    0 Warning(s)
    1 Error(s)

Time Elapsed 00:00:02.65


Compiling the CXX compiler identification source file "CMakeCXXCompilerId.cpp" failed.
Compiler:  
Build flags: 
Id flags:  

The output was:
1
Microsoft (R) Build Engine version 16.9.0+5e4b48a27 for .NET Framework
Copyright (C) Microsoft Corporation. All rights reserved.

Build started 5/11/2021 5:25:48 PM.
Project "C:\Users\scape\source\repos\vscode-clang\build\CMakeFiles\3.19.20122902-MSVC_2\CompilerIdCXX\CompilerIdCXX.vcxproj" on node 1 (default targets).
PrepareForBuild:
  Creating directory "Debug\".
  Creating directory "Debug\CompilerIdCXX.tlog\".
InitializeBuildStatus:
  Creating "Debug\CompilerIdCXX.tlog\unsuccessfulbuild" because "AlwaysCreate" was specified.
ClCompile:
  C:\Program Files (x86)\Microsoft Visual Studio\2019\Community\VC\Tools\MSVC\14.28.29910\bin\HostX64\x64\CL.exe /c /nologo /W0 /WX- /diagnostics:column /Od /Oy- /D _ARM_WINAPI_PARTITION_DESKTOP_SDK_AVAILABLE=1 /D _MBCS /Gm- /EHsc /RTC1 /MDd /GS /fp:precise /Zc:wchar_t /Zc:forScope /Zc:inline /Fo"Debug\\" /Fd"Debug\vc142.pdb" /Gd /TP /analyze- /FC /errorReport:queue CMakeCXXCompilerId.cpp
  CMakeCXXCompilerId.cpp
Link:
  C:\Program Files (x86)\Microsoft Visual Studio\2019\Community\VC\Tools\MSVC\14.28.29910\bin\HostX64\x64\link.exe /ERRORREPORT:QUEUE /OUT:".\CompilerIdCXX.exe" /INCREMENTAL:NO /NOLOGO kernel32.lib user32.lib gdi32.lib winspool.lib comdlg32.lib advapi32.lib shell32.lib ole32.lib oleaut32.lib uuid.lib odbc32.lib odbccp32.lib /MANIFEST /MANIFESTUAC:"level='asInvoker' uiAccess='false'" /manifest:embed /PDB:".\CompilerIdCXX.pdb" /SUBSYSTEM:CONSOLE /TLBID:1 /DYNAMICBASE /NXCOMPAT /IMPLIB:".\CompilerIdCXX.lib" /MACHINE:ARM Debug\CMakeCXXCompilerId.obj
Debug\CMakeCXXCompilerId.obj : fatal error LNK1112: module machine type 'x64' conflicts with target machine type 'ARM' [C:\Users\scape\source\repos\vscode-clang\build\CMakeFiles\3.19.20122902-MSVC_2\CompilerIdCXX\CompilerIdCXX.vcxproj]
Done Building Project "C:\Users\scape\source\repos\vscode-clang\build\CMakeFiles\3.19.20122902-MSVC_2\CompilerIdCXX\CompilerIdCXX.vcxproj" (default targets) -- FAILED.

Build FAILED.

"C:\Users\scape\source\repos\vscode-clang\build\CMakeFiles\3.19.20122902-MSVC_2\CompilerIdCXX\CompilerIdCXX.vcxproj" (default target) (1) ->
(Link target) -> 
  Debug\CMakeCXXCompilerId.obj : fatal error LNK1112: module machine type 'x64' conflicts with target machine type 'ARM' [C:\Users\scape\source\repos\vscode-clang\build\CMakeFiles\3.19.20122902-MSVC_2\CompilerIdCXX\CompilerIdCXX.vcxproj]

    0 Warning(s)
    1 Error(s)

Time Elapsed 00:00:09.28


Compiling the CXX compiler identification source file "CMakeCXXCompilerId.cpp" failed.
Compiler:  
Build flags: 
Id flags:  

The output was:
1
Microsoft (R) Build Engine version 16.9.0+5e4b48a27 for .NET Framework
Copyright (C) Microsoft Corporation. All rights reserved.

Build started 5/11/2021 5:25:59 PM.
Project "C:\Users\scape\source\repos\vscode-clang\build\CMakeFiles\3.19.20122902-MSVC_2\CompilerIdCXX\CompilerIdCXX.vcxproj" on node 1 (default targets).
PrepareForBuild:
  Creating directory "Debug\".
  Creating directory "Debug\CompilerIdCXX.tlog\".
InitializeBuildStatus:
  Creating "Debug\CompilerIdCXX.tlog\unsuccessfulbuild" because "AlwaysCreate" was specified.
ClCompile:
  C:\Program Files (x86)\Microsoft Visual Studio\2019\Community\VC\Tools\MSVC\14.28.29910\bin\HostX64\x64\CL.exe /c /nologo /W0 /WX- /diagnostics:column /Od /Oy- /D _ARM_WINAPI_PARTITION_DESKTOP_SDK_AVAILABLE=1 /D _MBCS /Gm- /EHsc /RTC1 /MDd /GS /fp:precise /Zc:wchar_t /Zc:forScope /Zc:inline /Fo"Debug\\" /Fd"Debug\vc142.pdb" /Gd /TP /analyze- /FC /errorReport:queue CMakeCXXCompilerId.cpp
  CMakeCXXCompilerId.cpp
Link:
  C:\Program Files (x86)\Microsoft Visual Studio\2019\Community\VC\Tools\MSVC\14.28.29910\bin\HostX64\x64\link.exe /ERRORREPORT:QUEUE /OUT:".\CompilerIdCXX.exe" /INCREMENTAL:NO /NOLOGO kernel32.lib user32.lib gdi32.lib winspool.lib comdlg32.lib advapi32.lib shell32.lib ole32.lib oleaut32.lib uuid.lib odbc32.lib odbccp32.lib /MANIFEST /MANIFESTUAC:"level='asInvoker' uiAccess='false'" /manifest:embed /PDB:".\CompilerIdCXX.pdb" /SUBSYSTEM:CONSOLE /TLBID:1 /DYNAMICBASE /NXCOMPAT /IMPLIB:".\CompilerIdCXX.lib" /MACHINE:ARM Debug\CMakeCXXCompilerId.obj
Debug\CMakeCXXCompilerId.obj : fatal error LNK1112: module machine type 'x64' conflicts with target machine type 'ARM' [C:\Users\scape\source\repos\vscode-clang\build\CMakeFiles\3.19.20122902-MSVC_2\CompilerIdCXX\CompilerIdCXX.vcxproj]
Done Building Project "C:\Users\scape\source\repos\vscode-clang\build\CMakeFiles\3.19.20122902-MSVC_2\CompilerIdCXX\CompilerIdCXX.vcxproj" (default targets) -- FAILED.

Build FAILED.

"C:\Users\scape\source\repos\vscode-clang\build\CMakeFiles\3.19.20122902-MSVC_2\CompilerIdCXX\CompilerIdCXX.vcxproj" (default target) (1) ->
(Link target) -> 
  Debug\CMakeCXXCompilerId.obj : fatal error LNK1112: module machine type 'x64' conflicts with target machine type 'ARM' [C:\Users\scape\source\repos\vscode-clang\build\CMakeFiles\3.19.20122902-MSVC_2\CompilerIdCXX\CompilerIdCXX.vcxproj]

    0 Warning(s)
    1 Error(s)

Time Elapsed 00:00:02.78


